Flutter crash report.
Please report a bug at https://github.com/flutter/flutter/issues.

## command

flutter run

## exception

SocketException: SocketException: OS Error: Success, errno = 0, port = 0

```
```

## flutter doctor

```
[✓] Flutter (Channel stable, 2.8.1, on Ubuntu 20.04.3 LTS 5.13.0-27-generic, locale en_IN)
    • Flutter version 2.8.1 at /home/shreesoftech/snap/flutter/common/flutter
    • Upstream repository https://github.com/flutter/flutter.git
    • Framework revision 77d935af4d (6 weeks ago), 2021-12-16 08:37:33 -0800
    • Engine revision 890a5fca2e
    • Dart version 2.15.1

[✓] Android toolchain - develop for Android devices (Android SDK version 31.0.0)
    • Android SDK at /home/shreesoftech/Android/Sdk
    • Platform android-31, build-tools 31.0.0
    • Java binary at: /snap/android-studio/current/android-studio/jre/bin/java
    • Java version OpenJDK Runtime Environment (build 11.0.10+0-b96-7249189)
    • All Android licenses accepted.

[✓] Chrome - develop for the web
    • Chrome at google-chrome

[✓] Android Studio (version 2020.3)
    • Android Studio at /snap/android-studio/115/android-studio
    • Flutter plugin version 63.2.1
    • Dart plugin version 203.8452
    • Java version OpenJDK Runtime Environment (build 11.0.10+0-b96-7249189)

[✓] Android Studio
    • Android Studio at /snap/android-studio/current/android-studio
    • Flutter plugin can be installed from:
      🔨 https://plugins.jetbrains.com/plugin/9212-flutter
    • Dart plugin can be installed from:
      🔨 https://plugins.jetbrains.com/plugin/6351-dart
    • android-studio-dir = /snap/android-studio/current/android-studio
    • Java version OpenJDK Runtime Environment (build 11.0.10+0-b96-7249189)

[✓] VS Code (version 1.60.2)
    • VS Code at /usr/share/code
    • Flutter extension version 3.32.0

[✓] VS Code
    • VS Code at /snap/code/current
    • Flutter extension version 3.32.0

[✓] Connected device (2 available)
    • vivo 1804 (mobile) • 67490db • android-arm64  • Android 10 (API 29)
    • Chrome (web)       • chrome  • web-javascript • Google Chrome 96.0.4664.110

• No issues found!
```
